TN:
SF:src/app.ts
FN:21,(anonymous_14)
FN:28,(anonymous_15)
FN:30,(anonymous_16)
FN:36,(anonymous_17)
FN:58,start
FN:60,(anonymous_21)
FNF:6
FNH:1
FNDA:0,(anonymous_14)
FNDA:0,(anonymous_15)
FNDA:0,(anonymous_16)
FNDA:0,(anonymous_17)
FNDA:1,start
FNDA:0,(anonymous_21)
DA:1,1
DA:2,1
DA:3,1
DA:4,1
DA:5,1
DA:8,1
DA:10,1
DA:21,1
DA:23,1
DA:24,1
DA:25,1
DA:28,1
DA:30,0
DA:31,0
DA:32,0
DA:35,0
DA:37,0
DA:38,0
DA:49,0
DA:60,1
DA:61,0
DA:62,0
DA:63,0
DA:64,0
DA:67,0
DA:68,0
DA:71,0
DA:72,0
DA:73,0
DA:77,1
DA:80,1
LF:31
LH:15
BRDA:62,0,0,0
BRF:1
BRH:0
end_of_record
TN:
SF:src/data-source.ts
FNF:0
FNH:0
DA:1,1
DA:2,1
DA:4,1
LF:3
LH:3
BRF:0
BRH:0
end_of_record
TN:
SF:src/router.ts
FN:6,routes
FN:46,(anonymous_17)
FNF:2
FNH:0
FNDA:0,routes
FNDA:0,(anonymous_17)
DA:2,1
DA:3,1
DA:4,1
DA:7,0
DA:8,0
DA:9,0
DA:12,0
DA:19,0
DA:25,0
DA:31,0
DA:37,0
DA:43,0
DA:47,0
DA:53,1
LF:14
LH:4
BRF:0
BRH:0
end_of_record
TN:
SF:src/controllers/auth.controller.ts
FN:13,(anonymous_14)
FN:17,(anonymous_16)
FN:54,(anonymous_19)
FN:63,(anonymous_22)
FNF:4
FNH:1
FNDA:1,(anonymous_14)
FNDA:0,(anonymous_16)
FNDA:0,(anonymous_19)
FNDA:0,(anonymous_22)
DA:1,1
DA:2,1
DA:3,1
DA:4,1
DA:5,1
DA:13,1
DA:14,0
DA:15,0
DA:17,1
DA:18,0
DA:20,0
DA:26,0
DA:27,0
DA:28,0
DA:32,0
DA:33,0
DA:34,0
DA:37,0
DA:43,0
DA:45,0
DA:54,1
DA:55,0
DA:56,0
DA:57,0
DA:59,0
DA:63,1
DA:64,0
DA:66,1
LF:28
LH:10
BRDA:26,0,0,0
BRDA:32,1,0,0
BRF:2
BRH:0
end_of_record
TN:
SF:src/controllers/user.controller.ts
FN:12,(anonymous_13)
FN:16,(anonymous_15)
FN:36,(anonymous_18)
FN:62,(anonymous_21)
FN:71,(anonymous_24)
FN:76,(anonymous_27)
FNF:6
FNH:1
FNDA:1,(anonymous_13)
FNDA:0,(anonymous_15)
FNDA:0,(anonymous_18)
FNDA:0,(anonymous_21)
FNDA:0,(anonymous_24)
FNDA:0,(anonymous_27)
DA:2,1
DA:3,1
DA:4,1
DA:6,1
DA:12,1
DA:13,0
DA:14,0
DA:16,1
DA:17,0
DA:20,0
DA:21,0
DA:22,0
DA:23,0
DA:24,0
DA:27,0
DA:28,0
DA:30,0
DA:36,1
DA:37,0
DA:38,0
DA:40,0
DA:45,0
DA:47,0
DA:48,0
DA:49,0
DA:53,0
DA:54,0
DA:56,0
DA:62,1
DA:63,0
DA:68,0
DA:71,1
DA:72,0
DA:73,0
DA:76,1
DA:77,0
DA:78,0
DA:80,0
DA:86,0
DA:87,0
DA:88,0
DA:91,0
DA:92,0
DA:93,0
DA:94,0
DA:97,0
DA:98,0
DA:100,0
DA:105,1
DA:107,1
LF:50
LH:12
BRDA:47,0,0,0
BRDA:63,1,0,0
BRDA:72,2,0,0
BRDA:86,3,0,0
BRF:4
BRH:0
end_of_record
TN:
SF:src/entity/User.ts
FN:4,(anonymous_2)
FNF:1
FNH:1
FNDA:1,(anonymous_2)
DA:1,1
DA:4,1
DA:6,1
DA:9,1
DA:12,1
DA:15,1
DA:18,1
DA:19,1
LF:8
LH:8
BRF:0
BRH:0
end_of_record
TN:
SF:src/helpers/bcrypt.ts
FN:3,hashPassword
FN:7,comparePassword
FNF:2
FNH:0
FNDA:0,hashPassword
FNDA:0,comparePassword
DA:1,1
DA:3,1
DA:4,0
DA:7,1
DA:8,0
LF:5
LH:3
BRF:0
BRH:0
end_of_record
TN:
SF:src/middlewares/validators/authValidators.ts
FN:4,(anonymous_13)
FN:5,(anonymous_15)
FN:17,(anonymous_18)
FNF:3
FNH:1
FNDA:1,(anonymous_13)
FNDA:0,(anonymous_15)
FNDA:0,(anonymous_18)
DA:1,1
DA:4,1
DA:5,1
DA:6,0
DA:7,0
DA:9,0
DA:10,0
DA:11,0
DA:14,0
DA:17,1
DA:18,0
DA:19,0
DA:22,0
DA:23,0
DA:24,0
DA:25,0
DA:26,0
DA:27,0
DA:28,0
DA:29,0
DA:30,0
DA:32,0
DA:33,0
DA:36,0
DA:39,0
DA:40,0
DA:41,0
DA:42,0
DA:45,0
DA:47,1
LF:30
LH:5
BRDA:9,0,0,0
BRDA:9,1,0,0
BRDA:9,1,1,0
BRDA:22,2,0,0
BRDA:22,3,0,0
BRDA:22,3,1,0
BRDA:22,3,2,0
BRDA:22,3,3,0
BRDA:22,3,4,0
BRDA:32,4,0,0
BRDA:40,5,0,0
BRF:11
BRH:0
end_of_record
TN:
SF:src/services/userService.ts
FN:4,(anonymous_13)
FN:6,(anonymous_15)
FN:11,(anonymous_18)
FNF:3
FNH:1
FNDA:1,(anonymous_13)
FNDA:0,(anonymous_15)
FNDA:0,(anonymous_18)
DA:1,1
DA:2,1
DA:4,1
DA:5,0
DA:6,1
DA:7,0
DA:8,0
DA:11,1
DA:12,0
DA:14,1
LF:10
LH:6
BRF:0
BRH:0
end_of_record
TN:
SF:src/utils/jwt.ts
FN:8,generateToken
FN:12,verifyToken
FNF:2
FNH:0
FNDA:0,generateToken
FNDA:0,verifyToken
DA:1,1
DA:4,1
DA:5,1
DA:8,1
DA:9,0
DA:12,1
DA:13,0
LF:7
LH:5
BRF:0
BRH:0
end_of_record
